/home/sun229/store/dpm_pPb_recogenmatchdebug_hiforest_HFseqchanged_0729/HiForest_changed_1_1_HLb.root
/home/sun229/store/dpm_pPb_recogenmatchdebug_hiforest_HFseqchanged_0729/HiForest_changed_10_1_MFJ.root
/home/sun229/store/dpm_pPb_recogenmatchdebug_hiforest_HFseqchanged_0729/HiForest_changed_11_1_7JJ.root
/home/sun229/store/dpm_pPb_recogenmatchdebug_hiforest_HFseqchanged_0729/HiForest_changed_12_1_TDH.root
/home/sun229/store/dpm_pPb_recogenmatchdebug_hiforest_HFseqchanged_0729/HiForest_changed_13_1_QvK.root
/home/sun229/store/dpm_pPb_recogenmatchdebug_hiforest_HFseqchanged_0729/HiForest_changed_14_1_zAI.root
/home/sun229/store/dpm_pPb_recogenmatchdebug_hiforest_HFseqchanged_0729/HiForest_changed_15_1_9Yx.root
/home/sun229/store/dpm_pPb_recogenmatchdebug_hiforest_HFseqchanged_0729/HiForest_changed_16_1_yVp.root
/home/sun229/store/dpm_pPb_recogenmatchdebug_hiforest_HFseqchanged_0729/HiForest_changed_17_1_a4t.root
/home/sun229/store/dpm_pPb_recogenmatchdebug_hiforest_HFseqchanged_0729/HiForest_changed_18_1_pfb.root
/home/sun229/store/dpm_pPb_recogenmatchdebug_hiforest_HFseqchanged_0729/HiForest_changed_19_1_edg.root
/home/sun229/store/dpm_pPb_recogenmatchdebug_hiforest_HFseqchanged_0729/HiForest_changed_2_1_KAw.root
/home/sun229/store/dpm_pPb_recogenmatchdebug_hiforest_HFseqchanged_0729/HiForest_changed_20_1_8Qk.root
/home/sun229/store/dpm_pPb_recogenmatchdebug_hiforest_HFseqchanged_0729/HiForest_changed_21_1_91f.root
/home/sun229/store/dpm_pPb_recogenmatchdebug_hiforest_HFseqchanged_0729/HiForest_changed_22_1_GMz.root
/home/sun229/store/dpm_pPb_recogenmatchdebug_hiforest_HFseqchanged_0729/HiForest_changed_23_1_hj6.root
/home/sun229/store/dpm_pPb_recogenmatchdebug_hiforest_HFseqchanged_0729/HiForest_changed_24_1_JZb.root
/home/sun229/store/dpm_pPb_recogenmatchdebug_hiforest_HFseqchanged_0729/HiForest_changed_25_1_DXo.root
/home/sun229/store/dpm_pPb_recogenmatchdebug_hiforest_HFseqchanged_0729/HiForest_changed_26_1_52h.root
/home/sun229/store/dpm_pPb_recogenmatchdebug_hiforest_HFseqchanged_0729/HiForest_changed_27_1_61k.root
/home/sun229/store/dpm_pPb_recogenmatchdebug_hiforest_HFseqchanged_0729/HiForest_changed_28_1_ZDc.root
/home/sun229/store/dpm_pPb_recogenmatchdebug_hiforest_HFseqchanged_0729/HiForest_changed_29_1_YmO.root
/home/sun229/store/dpm_pPb_recogenmatchdebug_hiforest_HFseqchanged_0729/HiForest_changed_3_1_NBe.root
/home/sun229/store/dpm_pPb_recogenmatchdebug_hiforest_HFseqchanged_0729/HiForest_changed_30_1_SnR.root
/home/sun229/store/dpm_pPb_recogenmatchdebug_hiforest_HFseqchanged_0729/HiForest_changed_31_1_vQ1.root
/home/sun229/store/dpm_pPb_recogenmatchdebug_hiforest_HFseqchanged_0729/HiForest_changed_32_1_wEJ.root
/home/sun229/store/dpm_pPb_recogenmatchdebug_hiforest_HFseqchanged_0729/HiForest_changed_33_1_IH0.root
/home/sun229/store/dpm_pPb_recogenmatchdebug_hiforest_HFseqchanged_0729/HiForest_changed_34_1_ZFw.root
/home/sun229/store/dpm_pPb_recogenmatchdebug_hiforest_HFseqchanged_0729/HiForest_changed_35_1_LLW.root
/home/sun229/store/dpm_pPb_recogenmatchdebug_hiforest_HFseqchanged_0729/HiForest_changed_36_1_HXJ.root
/home/sun229/store/dpm_pPb_recogenmatchdebug_hiforest_HFseqchanged_0729/HiForest_changed_37_1_Tng.root
/home/sun229/store/dpm_pPb_recogenmatchdebug_hiforest_HFseqchanged_0729/HiForest_changed_38_1_oqT.root
/home/sun229/store/dpm_pPb_recogenmatchdebug_hiforest_HFseqchanged_0729/HiForest_changed_39_1_vP6.root
/home/sun229/store/dpm_pPb_recogenmatchdebug_hiforest_HFseqchanged_0729/HiForest_changed_4_1_SRa.root
/home/sun229/store/dpm_pPb_recogenmatchdebug_hiforest_HFseqchanged_0729/HiForest_changed_40_1_704.root
/home/sun229/store/dpm_pPb_recogenmatchdebug_hiforest_HFseqchanged_0729/HiForest_changed_41_1_baI.root
/home/sun229/store/dpm_pPb_recogenmatchdebug_hiforest_HFseqchanged_0729/HiForest_changed_42_1_nnB.root
/home/sun229/store/dpm_pPb_recogenmatchdebug_hiforest_HFseqchanged_0729/HiForest_changed_43_1_Wez.root
/home/sun229/store/dpm_pPb_recogenmatchdebug_hiforest_HFseqchanged_0729/HiForest_changed_44_1_Sji.root
/home/sun229/store/dpm_pPb_recogenmatchdebug_hiforest_HFseqchanged_0729/HiForest_changed_45_1_2rM.root
/home/sun229/store/dpm_pPb_recogenmatchdebug_hiforest_HFseqchanged_0729/HiForest_changed_46_1_Nke.root
/home/sun229/store/dpm_pPb_recogenmatchdebug_hiforest_HFseqchanged_0729/HiForest_changed_47_1_w8o.root
/home/sun229/store/dpm_pPb_recogenmatchdebug_hiforest_HFseqchanged_0729/HiForest_changed_48_1_XsE.root
/home/sun229/store/dpm_pPb_recogenmatchdebug_hiforest_HFseqchanged_0729/HiForest_changed_49_1_5Sp.root
/home/sun229/store/dpm_pPb_recogenmatchdebug_hiforest_HFseqchanged_0729/HiForest_changed_5_1_wsg.root
/home/sun229/store/dpm_pPb_recogenmatchdebug_hiforest_HFseqchanged_0729/HiForest_changed_50_1_FVE.root
/home/sun229/store/dpm_pPb_recogenmatchdebug_hiforest_HFseqchanged_0729/HiForest_changed_6_1_4kG.root
/home/sun229/store/dpm_pPb_recogenmatchdebug_hiforest_HFseqchanged_0729/HiForest_changed_7_1_Lk5.root
/home/sun229/store/dpm_pPb_recogenmatchdebug_hiforest_HFseqchanged_0729/HiForest_changed_8_1_6Dj.root
/home/sun229/store/dpm_pPb_recogenmatchdebug_hiforest_HFseqchanged_0729/HiForest_changed_9_1_VTf.root
